PRSice 2.3.3 (2020-08-05) 
https://github.com/choishingwan/PRSice
(C) 2016-2020 Shing Wan (Sam) Choi and Paul F. O'Reilly
GNU General Public License v3
If you use PRSice in any published work, please cite:
Choi SW, O'Reilly PF.
PRSice-2: Polygenic Risk Score Software for Biobank-Scale Data.
GigaScience 8, no. 7 (July 1, 2019)
2022-06-15 17:24:26
/dragennfs/area7/datnguyen/bioinformatics_tools/PRSice_linux/PRSice_linux \
    --a1 A1 \
    --a2 A2 \
    --bar-levels 5e-08,1e-07,1e-06,1e-05,0.0001,0.001,0.01,0.1,0.2,0.3,0.5,1 \
    --base /dragennfs/area7/datnguyen/bioinformatics_tools/sumstat/GIANT_BMI.QCed.gz \
    --beta  \
    --binary-target F \
    --bp BP \
    --chr CHR \
    --clump-kb 250kb \
    --clump-p 1.000000 \
    --clump-r2 0.100000 \
    --fastscore  \
    --no-regress  \
    --num-auto 22 \
    --out PRS_result/real_24_sample_VNP_BMI \
    --pvalue P \
    --score sum \
    --seed 2094497033 \
    --snp SNP \
    --stat BETA \
    --target real_24_sample/plink/merged_all_autosome.QC \
    --thread 1 \
    --ultra 

Initializing Genotype file: 
real_24_sample/plink/merged_all_autosome.QC (bed) 

Start processing GIANT_BMI.QCed 
================================================== 

Base file: 
/dragennfs/area7/datnguyen/bioinformatics_tools/sumstat/GIANT_BMI.QCed.gz 
GZ file detected. Header of file is: 
CHR	BP	SNP	A1	A2	MAF	BETA	SE	P	N 

2334177 variant(s) observed in base file, with: 
358074 ambiguous variant(s) excluded 
1976103 total variant(s) included from base file 

Loading Genotype info from target 
================================================== 

24 people (10 male(s), 14 female(s)) observed 
24 founder(s) included 

7000045 variant(s) not found in previous data 
569 variant(s) with mismatch information 
1672849 variant(s) included 

Start performing clumping 

Number of variant(s) after clumping : 59770 

Start calculating the scores 

