PRSice 2.3.3 (2020-08-05) 
https://github.com/choishingwan/PRSice
(C) 2016-2020 Shing Wan (Sam) Choi and Paul F. O'Reilly
GNU General Public License v3
If you use PRSice in any published work, please cite:
Choi SW, O'Reilly PF.
PRSice-2: Polygenic Risk Score Software for Biobank-Scale Data.
GigaScience 8, no. 7 (July 1, 2019)
2022-03-30 03:50:35
/dragennfs/area7/datnguyen/bioinformatics_tools/PRSice_linux/PRSice_linux \
    --a1 A1 \
    --a2 A2 \
    --bar-levels 5e-08,1e-07,1e-06,1e-05,0.0001,0.001,0.01,0.1,0.2,0.3,0.5,1 \
    --base /dragennfs/area7/datnguyen/bioinformatics_tools/sumstat/GIANT_BMI.QCed.gz \
    --beta  \
    --binary-target F \
    --bp BP \
    --chr CHR \
    --clump-kb 250kb \
    --clump-p 1.000000 \
    --clump-r2 0.100000 \
    --fastscore  \
    --no-regress  \
    --num-auto 22 \
    --out PRS_result/95_shared_sample_simulated_VNP_BMI \
    --pvalue P \
    --score sum \
    --seed 2673406130 \
    --snp SNP \
    --stat BETA \
    --target 95_shared_sample_simulated/plink/merged_all_autosome.QC \
    --thread 1 \
    --ultra 

Initializing Genotype file: 
95_shared_sample_simulated/plink/merged_all_autosome.QC 
(bed) 

Start processing GIANT_BMI.QCed 
================================================== 

Base file: 
/dragennfs/area7/datnguyen/bioinformatics_tools/sumstat/GIANT_BMI.QCed.gz 
GZ file detected. Header of file is: 
CHR	BP	SNP	A1	A2	MAF	BETA	SE	P	N 

2334177 variant(s) observed in base file, with: 
358074 ambiguous variant(s) excluded 
1976103 total variant(s) included from base file 

Loading Genotype info from target 
================================================== 

95 people (42 male(s), 53 female(s)) observed 
95 founder(s) included 

9920574 variant(s) not found in previous data 
599 variant(s) with mismatch information 
1780193 variant(s) included 

Start performing clumping 

Number of variant(s) after clumping : 99123 

Start calculating the scores 

